#
# There is insufficient memory for the Java Runtime Environment to continue.
# Native memory allocation (mmap) failed to map 264241152 bytes for Failed to commit area from 0x0000000704200000 to 0x0000000713e00000 of length 264241152.
# Possible reasons:
#   The system is out of physical RAM or swap space
#   The process is running with CompressedOops enabled, and the Java Heap may be blocking the growth of the native heap
# Possible solutions:
#   Reduce memory load on the system
#   Increase physical memory or swap space
#   Check if swap backing store is full
#   Decrease Java heap size (-Xmx/-Xms)
#   Decrease number of Java threads
#   Decrease Java thread stack sizes (-Xss)
#   Set larger code cache with -XX:ReservedCodeCacheSize=
# This output file may be truncated or incomplete.
#
#  Out of Memory Error (./open/src/hotspot/os/windows/os_windows.cpp:3273), pid=25244, tid=35600
#
# JRE version:  (11.0.12+8) (build )
# Java VM: Java HotSpot(TM) 64-Bit Server VM (11.0.12+8-LTS-237, mixed mode, sharing, tiered, compressed oops, g1 gc, windows-amd64)
# No core dump will be written. Minidumps are not enabled by default on client versions of Windows
#

---------------  S U M M A R Y ------------

Command Line: -javaagent:C:\Program Files\JetBrains\IntelliJ IDEA Community Edition 2021.3.3\lib\idea_rt.jar=60023:C:\Program Files\JetBrains\IntelliJ IDEA Community Edition 2021.3.3\bin -Dfile.encoding=UTF-8 com.demo.sample_spring_boot.SampleSpringBootApplication

Host: 11th Gen Intel(R) Core(TM) i7-1165G7 @ 2.80GHz, 8 cores, 15G,  Windows 10 , 64 bit Build 19041 (10.0.19041.2251)
Time: Sun Dec 18 21:59:44 2022 India Standard Time elapsed time: 0.060781 seconds (0d 0h 0m 0s)

---------------  T H R E A D  ---------------

Current thread (0x00000162dd419000):  JavaThread "Unknown thread" [_thread_in_vm, id=35600, stack(0x0000003cca300000,0x0000003cca400000)]

Stack: [0x0000003cca300000,0x0000003cca400000]
Native frames: (J=compiled Java code, j=interpreted, Vv=VM code, C=native code)
V  [jvm.dll+0x617d9a]
V  [jvm.dll+0x74eeef]
V  [jvm.dll+0x750599]
V  [jvm.dll+0x750c23]
V  [jvm.dll+0x2438d8]
V  [jvm.dll+0x61518a]
V  [jvm.dll+0x609f45]
V  [jvm.dll+0x2f85cc]
V  [jvm.dll+0x2f8452]
V  [jvm.dll+0x2fd106]
V  [jvm.dll+0x33f6ef]
V  [jvm.dll+0x33f120]
V  [jvm.dll+0x2d5ca8]
V  [jvm.dll+0x2d6e06]
V  [jvm.dll+0x72a977]
V  [jvm.dll+0x72c21f]
V  [jvm.dll+0x34c469]
V  [jvm.dll+0x710400]
V  [jvm.dll+0x3b5baf]
V  [jvm.dll+0x3b7cb1]
C  [jli.dll+0x520b]
C  [ucrtbase.dll+0x21bb2]
C  [KERNEL32.DLL+0x174b4]
C  [ntdll.dll+0x526a1]


---------------  P R O C E S S  ---------------

Threads class SMR info:
_java_thread_list=0x00000162db9c9cb0, length=0, elements={
}

Java Threads: ( => current thread )

Other Threads:
  0x00000162dd42e000 GCTaskThread "GC Thread#0" [stack: 0x0000003cca400000,0x0000003cca500000] [id=20240]
  0x00000162dd488800 ConcurrentGCThread "G1 Main Marker" [stack: 0x0000003cca500000,0x0000003cca600000] [id=21352]
  0x00000162dd48b000 ConcurrentGCThread "G1 Conc#0" [stack: 0x0000003cca600000,0x0000003cca700000] [id=35440]

[error occurred during error reporting (printing all threads), id 0xc0000005, EXCEPTION_ACCESS_VIOLATION (0xc0000005) at pc=0x00007ff9608f4f37]

VM state:not at safepoint (not fully initialized)

VM Mutex/Monitor currently owned by a thread:  ([mutex/lock_event])
[0x00000162dd414040] Heap_lock - owner thread: 0x00000162dd419000

Heap address: 0x0000000704200000, size: 4030 MB, Compressed Oops mode: Non-zero based: 0x0000000704200000
Narrow klass base: 0x0000000000000000, Narrow klass shift: 0

GC Heap History (0 events):
No events

Deoptimization events (0 events):
No events

Classes redefined (0 events):
No events

Internal exceptions (0 events):
No events

Events (0 events):
No events


Dynamic libraries:
0x00007ff62c360000 - 0x00007ff62c36f000 	C:\Program Files\Java\jdk-11.0.12\bin\java.exe
0x00007ff994df0000 - 0x00007ff994fe8000 	C:\windows\SYSTEM32\ntdll.dll
0x00007ff994220000 - 0x00007ff9942df000 	C:\windows\System32\KERNEL32.DLL
0x00007ff992800000 - 0x00007ff992ad2000 	C:\windows\System32\KERNELBASE.dll
0x00007ff9924f0000 - 0x00007ff9925f0000 	C:\windows\System32\ucrtbase.dll
0x00007ff9612d0000 - 0x00007ff9612e8000 	C:\Program Files\Java\jdk-11.0.12\bin\jli.dll
0x00007ff9612b0000 - 0x00007ff9612c5000 	C:\Program Files\Java\jdk-11.0.12\bin\VCRUNTIME140.dll
0x00007ff993e60000 - 0x00007ff993f0e000 	C:\windows\System32\ADVAPI32.dll
0x00007ff994830000 - 0x00007ff9948ce000 	C:\windows\System32\msvcrt.dll
0x00007ff9948d0000 - 0x00007ff99496c000 	C:\windows\System32\sechost.dll
0x00007ff993c50000 - 0x00007ff993d75000 	C:\windows\System32\RPCRT4.dll
0x00007ff975230000 - 0x00007ff9754ca000 	C:\windows\WinSxS\amd64_microsoft.windows.common-controls_6595b64144ccf1df_6.0.19041.1110_none_60b5254171f9507e\COMCTL32.dll
0x00007ff993fa0000 - 0x00007ff99413d000 	C:\windows\System32\USER32.dll
0x00007ff992ae0000 - 0x00007ff992b02000 	C:\windows\System32\win32u.dll
0x00007ff993e30000 - 0x00007ff993e5b000 	C:\windows\System32\GDI32.dll
0x00007ff992d30000 - 0x00007ff992e3f000 	C:\windows\System32\gdi32full.dll
0x00007ff992760000 - 0x00007ff9927fd000 	C:\windows\System32\msvcp_win.dll
0x00007ff990700000 - 0x00007ff99070a000 	C:\windows\SYSTEM32\VERSION.dll
0x00007ff993a60000 - 0x00007ff993a92000 	C:\windows\System32\IMM32.DLL
0x00000162dd3d0000 - 0x00000162dd3e4000 	C:\windows\System32\umppc16207.dll
0x00007ff962370000 - 0x00007ff96240b000 	C:\Program Files\Java\jdk-11.0.12\bin\msvcp140.dll
0x00007ff960610000 - 0x00007ff96110f000 	C:\Program Files\Java\jdk-11.0.12\bin\server\jvm.dll
0x00007ff993f10000 - 0x00007ff993f18000 	C:\windows\System32\PSAPI.DLL
0x00007ff96a480000 - 0x00007ff96a489000 	C:\windows\SYSTEM32\WSOCK32.dll
0x00007ff993f30000 - 0x00007ff993f9b000 	C:\windows\System32\WS2_32.dll
0x00007ff96bef0000 - 0x00007ff96bf17000 	C:\windows\SYSTEM32\WINMM.dll
0x00007ff98fbb0000 - 0x00007ff98fbc2000 	C:\windows\SYSTEM32\kernel.appcore.dll
0x00007ff962360000 - 0x00007ff962370000 	C:\Program Files\Java\jdk-11.0.12\bin\verify.dll
0x00007ff98f730000 - 0x00007ff98f914000 	C:\windows\SYSTEM32\DBGHELP.DLL
0x00007ff96f8e0000 - 0x00007ff96f90c000 	C:\windows\SYSTEM32\dbgcore.DLL
0x00007ff992b10000 - 0x00007ff992b92000 	C:\windows\System32\bcryptPrimitives.dll
0x00007ff9611b0000 - 0x00007ff9611d8000 	C:\Program Files\Java\jdk-11.0.12\bin\java.dll
0x00007ff962350000 - 0x00007ff96235a000 	C:\Program Files\Java\jdk-11.0.12\bin\jimage.dll
0x00007ff98cdd0000 - 0x00007ff98cdde000 	C:\Program Files\Java\jdk-11.0.12\bin\instrument.dll
0x00007ff961190000 - 0x00007ff9611a6000 	C:\Program Files\Java\jdk-11.0.12\bin\zip.dll

dbghelp: loaded successfully - version: 4.0.5 - missing functions: none
symbol engine: initialized successfully - sym options: 0x614 - pdb path: .;C:\Program Files\Java\jdk-11.0.12\bin;C:\windows\SYSTEM32;C:\windows\WinSxS\amd64_microsoft.windows.common-controls_6595b64144ccf1df_6.0.19041.1110_none_60b5254171f9507e;C:\Program Files\Java\jdk-11.0.12\bin\server

VM Arguments:
jvm_args: -javaagent:C:\Program Files\JetBrains\IntelliJ IDEA Community Edition 2021.3.3\lib\idea_rt.jar=60023:C:\Program Files\JetBrains\IntelliJ IDEA Community Edition 2021.3.3\bin -Dfile.encoding=UTF-8 
java_command: com.demo.sample_spring_boot.SampleSpringBootApplication
java_class_path (initial): D:\MyWorkPlace\sample_spring_boot\target\classes;C:\Users\potbharea\.m2\repository\org\springframework\boot\spring-boot-starter-data-jpa\2.7.6\spring-boot-starter-data-jpa-2.7.6.jar;C:\Users\potbharea\.m2\repository\org\springframework\boot\spring-boot-starter-aop\2.7.6\spring-boot-starter-aop-2.7.6.jar;C:\Users\potbharea\.m2\repository\org\springframework\spring-aop\5.3.24\spring-aop-5.3.24.jar;C:\Users\potbharea\.m2\repository\org\aspectj\aspectjweaver\1.9.7\aspectjweaver-1.9.7.jar;C:\Users\potbharea\.m2\repository\org\springframework\boot\spring-boot-starter-jdbc\2.7.6\spring-boot-starter-jdbc-2.7.6.jar;C:\Users\potbharea\.m2\repository\com\zaxxer\HikariCP\4.0.3\HikariCP-4.0.3.jar;C:\Users\potbharea\.m2\repository\org\springframework\spring-jdbc\5.3.24\spring-jdbc-5.3.24.jar;C:\Users\potbharea\.m2\repository\jakarta\transaction\jakarta.transaction-api\1.3.3\jakarta.transaction-api-1.3.3.jar;C:\Users\potbharea\.m2\repository\jakarta\persistence\jakarta.persistence-api\2.2.3\jakarta.persistence-api-2.2.3.jar;C:\Users\potbharea\.m2\repository\org\hibernate\hibernate-core\5.6.14.Final\hibernate-core-5.6.14.Final.jar;C:\Users\potbharea\.m2\repository\org\jboss\logging\jboss-logging\3.4.3.Final\jboss-logging-3.4.3.Final.jar;C:\Users\potbharea\.m2\repository\net\bytebuddy\byte-buddy\1.12.19\byte-buddy-1.12.19.jar;C:\Users\potbharea\.m2\repository\antlr\antlr\2.7.7\antlr-2.7.7.jar;C:\Users\potbharea\.m2\repository\org\jboss\jandex\2.4.2.Final\jandex-2.4.2.Final.jar;C:\Users\potbharea\.m2\repository\com\fasterxml\classmate\1.5.1\classmate-1.5.1.jar;C:\Users\potbharea\.m2\repository\org\hibernate\common\hibernate-commons-annotations\5.1.2.Final\hibernate-commons-annotations-5.1.2.Final.jar;C:\Users\potbharea\.m2\repository\org\glassfish\jaxb\jaxb-runtime\2.3.7\jaxb-runtime-2.3.7.jar;C:\Users\potbharea\.m2\repository\org\glassfish\jaxb\txw2\2.3.7\txw2-2.3.7.jar;C:\Users\potbharea\.m2\repository\com\sun\istack\istack-commons-runtime\3.0.12\istack
Launcher Type: SUN_STANDARD

[Global flags]
     intx CICompilerCount                          = 4                                         {product} {ergonomic}
     uint ConcGCThreads                            = 2                                         {product} {ergonomic}
     uint G1ConcRefinementThreads                  = 8                                         {product} {ergonomic}
   size_t G1HeapRegionSize                         = 1048576                                   {product} {ergonomic}
    uintx GCDrainStackTargetSize                   = 64                                        {product} {ergonomic}
   size_t InitialHeapSize                          = 264241152                                 {product} {ergonomic}
   size_t MarkStackSize                            = 4194304                                   {product} {ergonomic}
   size_t MaxHeapSize                              = 4225761280                                {product} {ergonomic}
   size_t MinHeapDeltaBytes                        = 1048576                                   {product} {ergonomic}
    uintx NonNMethodCodeHeapSize                   = 5836300                                {pd product} {ergonomic}
    uintx NonProfiledCodeHeapSize                  = 122910970                              {pd product} {ergonomic}
    uintx ProfiledCodeHeapSize                     = 122910970                              {pd product} {ergonomic}
    uintx ReservedCodeCacheSize                    = 251658240                              {pd product} {ergonomic}
     bool SegmentedCodeCache                       = true                                      {product} {ergonomic}
     bool UseCompressedClassPointers               = true                                 {lp64_product} {ergonomic}
     bool UseCompressedOops                        = true                                 {lp64_product} {ergonomic}
     bool UseG1GC                                  = true                                      {product} {ergonomic}
     bool UseLargePagesIndividualAllocation        = false                                  {pd product} {ergonomic}

Logging:
Log output configuration:
 #0: stdout all=warning uptime,level,tags
 #1: stderr all=off uptime,level,tags

Environment Variables:
PATH=C:\Program Files\Java\jdk-11.0.12\bin;C:\Program Files\Common Files\Oracle\Java\javapath;C:\windows\system32;C:\windows;C:\windows\System32\Wbem;C:\windows\System32\WindowsPowerShell\v1.0\;C:\windows\System32\OpenSSH\;C:\apache-maven-3.8.5\bin;C:\ProgramData\chocolatey\bin;C:\Program Files\nodejs\;C:\Program Files\PuTTY\;C:\Program Files\Docker\Docker\resources\bin;C:\ProgramData\DockerDesktop\version-bin;C:\Program Files\MySQL\MySQL Server 8.0\bin;C:\Program Files\Git\cmd;C:\Users\potbharea\AppData\Local\Programs\Python\Python38\Scripts\;C:\Users\potbharea\AppData\Local\Programs\Python\Python38\;C:\Program Files\MySQL\MySQL Shell 8.0\bin\;C:\Users\potbharea\AppData\Local\Microsoft\WindowsApps;;C:\Program Files\JetBrains\IntelliJ IDEA Community Edition 2021.3.3\bin;;C:\Users\potbharea\AppData\Roaming\npm;C:\Users\potbharea\AppData\Local\Programs\Microsoft VS Code\bin;C:\Program Files\heroku\bin;C:\Program Files\JetBrains\PyCharm Community Edition 2022.2.2\bin;
USERNAME=potbharea
OS=Windows_NT
PROCESSOR_IDENTIFIER=Intel64 Family 6 Model 140 Stepping 1, GenuineIntel



---------------  S Y S T E M  ---------------

OS: Windows 10 , 64 bit Build 19041 (10.0.19041.2251)
Hyper-V role detected

CPU:total 8 (initial active 8) (4 cores per cpu, 2 threads per core) family 6 model 140 stepping 1 microcode 0xa6, cmov, cx8, fxsr, mmx, sse, sse2, sse3, ssse3, sse4.1, sse4.2, popcnt, avx, avx2, aes, clmul, erms, 3dnowpref, lzcnt, ht, tsc, tscinvbit, bmi1, bmi2, adx, evex, sha, fma

Memory: 4k page, system-wide physical 16112M (713M free)
TotalPageFile size 41112M (AvailPageFile size 135M)
current process WorkingSet (physical memory assigned to process): 10M, peak: 10M
current process commit charge ("private bytes"): 60M, peak: 312M

vm_info: Java HotSpot(TM) 64-Bit Server VM (11.0.12+8-LTS-237) for windows-amd64 JRE (11.0.12+8-LTS-237), built on Jun  8 2021 11:25:59 by "mach5one" with MS VC++ 15.9 (VS2017)

END.
